<?xml version="1.0" encoding="UTF-8"?>
<!-- Generated by org.testng.reporters.JUnitXMLReporter -->
<testsuite ignored="0" hostname="Abdelrahman" failures="0" tests="3" name="Default test" time="65.395" errors="0" timestamp="23 Oct 2022 18:50:33 GMT">
  <testcase classname="Tests.Scenario1" name="select_popular_rout" time="6.86"/>
  <testcase classname="Tests.Scenario1" name="select_seats" time="23.501"/>
  <testcase classname="Tests.Scenario1" name="complete_data" time="7.564"/>
</testsuite> <!-- Default test -->
