<?xml version="1.0" encoding="UTF-8"?>
<testng-results ignored="0" total="3" passed="3" failed="0" skipped="0">
  <reporter-output>
  </reporter-output>
  <suite started-at="2022-10-23T18:49:27Z" name="Default suite" finished-at="2022-10-23T18:50:32Z" duration-ms="65395">
    <groups>
    </groups>
    <test started-at="2022-10-23T18:49:27Z" name="Default test" finished-at="2022-10-23T18:50:32Z" duration-ms="65395">
      <class name="Tests.Scenario1">
        <test-method is-config="true" signature="setup()[pri:0, instance:Tests.Scenario1@6c0d7c83]" started-at="2022-10-23T18:49:27Z" name="setup" finished-at="2022-10-23T18:49:55Z" duration-ms="27439" status="PASS">
          <reporter-output>
          </reporter-output>
        </test-method> <!-- setup -->
        <test-method signature="select_popular_rout()[pri:1, instance:Tests.Scenario1@6c0d7c83]" started-at="2022-10-23T18:49:55Z" name="select_popular_rout" finished-at="2022-10-23T18:50:01Z" duration-ms="6860" status="PASS">
          <reporter-output>
          </reporter-output>
        </test-method> <!-- select_popular_rout -->
        <test-method signature="select_seats()[pri:2, instance:Tests.Scenario1@6c0d7c83]" started-at="2022-10-23T18:50:01Z" name="select_seats" finished-at="2022-10-23T18:50:25Z" duration-ms="23501" status="PASS">
          <reporter-output>
          </reporter-output>
        </test-method> <!-- select_seats -->
        <test-method signature="complete_data()[pri:3, instance:Tests.Scenario1@6c0d7c83]" started-at="2022-10-23T18:50:25Z" name="complete_data" finished-at="2022-10-23T18:50:32Z" duration-ms="7564" status="PASS">
          <reporter-output>
          </reporter-output>
        </test-method> <!-- complete_data -->
      </class> <!-- Tests.Scenario1 -->
    </test> <!-- Default test -->
  </suite> <!-- Default suite -->
</testng-results>
